2019-01-27 23:53:19 INFO  Log:12 - Click on : Sign in
2019-01-27 23:53:21 INFO  Log:12 - Enter Text : hf_challenge_1548654800927@hf800927.com
2019-01-27 23:53:21 INFO  Log:12 - Click on : Create an account
2019-01-27 23:53:22 INFO  Log:12 - Enter Text : AktarqX3uQ
2019-01-27 23:53:22 INFO  Log:12 - Enter Text : ZamanmhZk1
2019-01-27 23:53:23 INFO  Log:12 - Enter Text : Qwerty
2019-01-27 23:53:23 INFO  Log:12 - Enter Text : Company
2019-01-27 23:53:23 INFO  Log:12 - Enter Text : Qwerty, 123 
2019-01-27 23:53:24 INFO  Log:12 - Enter Text : zxcvb
2019-01-27 23:53:24 INFO  Log:12 - Enter Text : Qwerty
2019-01-27 23:53:24 INFO  Log:12 - Enter Text : 12345
2019-01-27 23:53:24 INFO  Log:12 - Enter Text : Qwerty
2019-01-27 23:53:24 INFO  Log:12 - Enter Text : 12345123123
2019-01-27 23:53:24 INFO  Log:12 - Enter Text : 12345123123
2019-01-27 23:53:25 INFO  Log:12 - Enter Text : hf
2019-01-27 23:53:25 INFO  Log:12 - Click on : Register
2019-01-27 23:54:48 INFO  Log:12 - Click on : Sign in
2019-01-27 23:54:54 INFO  Log:12 - Enter Text : hf_challenge_1548654894510@hf894510.com
2019-01-27 23:54:54 INFO  Log:12 - Click on : Create an account
2019-01-27 23:56:42 INFO  Log:12 - Click on : Sign in
2019-01-27 23:56:43 INFO  Log:12 - Enter Text : hf_challenge_1548655003669@hf003669.com
2019-01-27 23:56:44 INFO  Log:12 - Click on : Create an account
2019-01-27 23:56:45 INFO  Log:12 - Enter Text : Aktar1291532714
2019-01-27 23:57:07 INFO  Log:12 - Enter Text : Zaman7865998563
2019-01-27 23:57:08 INFO  Log:12 - Enter Text : Qwerty
2019-01-27 23:59:35 INFO  Log:12 - Click on : Sign in
2019-01-27 23:59:36 INFO  Log:12 - Enter Text : hf_challenge_1548655176573@hf176573.com
2019-01-27 23:59:37 INFO  Log:12 - Click on : Create an account
2019-01-27 23:59:38 INFO  Log:12 - Enter Text : AkGkpluIaNne
2019-01-27 23:59:44 INFO  Log:12 - Enter Text : ZavSDooStEKl
2019-01-28 00:00:06 INFO  Log:12 - Enter Text : Qwerty
2019-01-28 00:00:08 INFO  Log:12 - Enter Text : Company
2019-01-28 00:00:09 INFO  Log:12 - Enter Text : Qwerty, 123 
2019-01-28 00:00:09 INFO  Log:12 - Enter Text : zxcvb
2019-01-28 00:00:09 INFO  Log:12 - Enter Text : Qwerty
2019-01-28 00:00:09 INFO  Log:12 - Enter Text : 12345
2019-01-28 00:00:09 INFO  Log:12 - Enter Text : Qwerty
2019-01-28 00:00:10 INFO  Log:12 - Enter Text : 12345123123
2019-01-28 00:00:10 INFO  Log:12 - Enter Text : 12345123123
2019-01-28 00:00:10 INFO  Log:12 - Enter Text : hf
2019-01-28 00:00:10 INFO  Log:12 - Click on : Register
2019-01-28 00:00:16 INFO  Log:9 - Page Header: MY ACCOUNT
2019-01-28 00:00:16 INFO  Log:9 -  Logout Button is displayed
2019-01-28 00:03:26 INFO  Log:12 - Click on : Sign in
2019-01-28 00:03:28 INFO  Log:12 - Enter Email Address : hf_challenge_1548655176573@hf176573.com
2019-01-28 00:03:28 INFO  Log:12 - Password : Qwerty
2019-01-28 00:03:30 INFO  Log:12 - Page Header : MY ACCOUNT
2019-01-28 00:12:42 INFO  Log:12 - Click on : Sign in
2019-01-28 00:12:43 INFO  Log:12 - Enter Email Address : hf_challenge_1548655176573@hf176573.com
2019-01-28 00:12:44 INFO  Log:12 - Password : Qwerty
2019-01-28 00:12:45 INFO  Log:12 - Page Header : MY ACCOUNT
2019-01-28 11:10:36 INFO  Log:12 - Click on : Sign in
2019-01-28 11:10:37 INFO  Log:12 - Enter Email Address : hf_challenge_1548655176573@hf176573.com
2019-01-28 11:10:38 INFO  Log:12 - Password : Qwerty
2019-01-28 11:10:39 INFO  Log:12 - Page Header : MY ACCOUNT
2019-01-28 11:11:40 INFO  Log:12 - Click on : Sign in
2019-01-28 11:11:41 INFO  Log:12 - Enter Email Address : hf_challenge_1548655176573@hf176573.com
2019-01-28 11:11:41 INFO  Log:12 - Password : Qwerty
2019-01-28 11:11:44 INFO  Log:9 - Click Women link
2019-01-28 11:11:45 INFO  Log:9 - Click product
2019-01-28 11:23:31 INFO  Log:12 - Click on : Sign in
2019-01-28 11:23:33 INFO  Log:12 - Enter Email Address : hf_challenge_1548655176573@hf176573.com
2019-01-28 11:23:34 INFO  Log:12 - Password : Qwerty
2019-01-28 11:23:37 INFO  Log:9 - Click Women link
2019-01-28 11:23:38 INFO  Log:9 - Click product
2019-01-28 12:06:56 INFO  Log:12 - Click on : Sign in
2019-01-28 12:06:58 INFO  Log:12 - Enter Email Address : hf_challenge_1548655176573@hf176573.com
2019-01-28 12:06:58 INFO  Log:12 - Password : Qwerty
2019-01-28 12:07:00 INFO  Log:12 - Click on : Women
2019-01-28 12:07:01 INFO  Log:12 - Click on : 
2019-01-28 12:11:16 INFO  Log:12 - Click on : Sign in
2019-01-28 12:11:17 INFO  Log:12 - Enter Email Address : hf_challenge_1548655176573@hf176573.com
2019-01-28 12:11:17 INFO  Log:12 - Password : Qwerty
2019-01-28 12:11:19 INFO  Log:12 - Click on : Women
2019-01-28 12:11:20 INFO  Log:12 - Click on : 
2019-01-28 12:15:28 INFO  Log:12 - Click on : Sign in
2019-01-28 12:15:29 INFO  Log:12 - Enter Email Address : hf_challenge_1548655176573@hf176573.com
2019-01-28 12:15:29 INFO  Log:12 - Password : Qwerty
2019-01-28 12:15:31 INFO  Log:12 - Click on : Women
2019-01-28 12:15:33 INFO  Log:12 - Click on : 
2019-01-28 12:18:06 INFO  Log:12 - Click on : Sign in
2019-01-28 12:18:07 INFO  Log:12 - Enter Email Address : hf_challenge_1548655176573@hf176573.com
2019-01-28 12:18:08 INFO  Log:12 - Password : Qwerty
2019-01-28 12:18:10 INFO  Log:12 - Click on : Women
2019-01-28 12:18:11 INFO  Log:12 - Click on : 
2019-01-28 12:27:23 INFO  Log:12 - Click on : Sign in
2019-01-28 12:27:24 INFO  Log:12 - Enter Email Address : hf_challenge_1548655176573@hf176573.com
2019-01-28 12:27:24 INFO  Log:12 - Password : Qwerty
2019-01-28 12:27:26 INFO  Log:12 - Click on : Women
2019-01-28 12:27:27 INFO  Log:12 - Click on : 
2019-01-28 12:30:21 INFO  Log:12 - Click on : Sign in
2019-01-28 12:30:22 INFO  Log:12 - Enter Email Address : hf_challenge_1548655176573@hf176573.com
2019-01-28 12:30:23 INFO  Log:12 - Password : Qwerty
2019-01-28 12:30:25 INFO  Log:12 - Click on : Women
2019-01-28 12:30:26 INFO  Log:12 - Click on : 
2019-01-28 12:35:40 INFO  Log:12 - Click on : Sign in
2019-01-28 12:35:41 INFO  Log:12 - Enter Email Address : hf_challenge_1548655176573@hf176573.com
2019-01-28 12:35:41 INFO  Log:12 - Password : Qwerty
2019-01-28 12:35:43 INFO  Log:12 - Click on : Women
2019-01-28 12:35:45 INFO  Log:12 - Click on : 
2019-01-28 12:39:23 INFO  Log:12 - Click on : Sign in
2019-01-28 12:39:24 INFO  Log:12 - Enter Email Address : hf_challenge_1548655176573@hf176573.com
2019-01-28 12:39:24 INFO  Log:12 - Password : Qwerty
2019-01-28 12:39:26 INFO  Log:12 - Click on : Women
2019-01-28 12:39:27 INFO  Log:12 - Click on : 
2019-01-28 12:40:52 INFO  Log:12 - Click on : Add to cart
2019-01-28 12:40:58 INFO  Log:12 - Click on : Proceed to checkout
2019-01-28 12:43:09 INFO  Log:12 - Click on : Sign in
2019-01-28 12:43:10 INFO  Log:12 - Enter Email Address : hf_challenge_1548655176573@hf176573.com
2019-01-28 12:43:10 INFO  Log:12 - Password : Qwerty
2019-01-28 12:43:12 INFO  Log:12 - Click on : Women
2019-01-28 12:43:14 INFO  Log:12 - Click on : 
2019-01-28 12:44:29 INFO  Log:12 - Click on : Sign in
2019-01-28 12:44:31 INFO  Log:12 - Enter Email Address : hf_challenge_1548655176573@hf176573.com
2019-01-28 12:44:31 INFO  Log:12 - Password : Qwerty
2019-01-28 12:44:33 INFO  Log:12 - Click on : Women
2019-01-28 12:44:34 INFO  Log:12 - Click on : 
2019-01-28 12:44:36 INFO  Log:12 - Click on : Add to cart
2019-01-28 12:46:03 INFO  Log:12 - Click on : Proceed to checkout
2019-01-28 12:51:42 INFO  Log:12 - Click on : Sign in
2019-01-28 12:51:43 INFO  Log:12 - Enter Email Address : hf_challenge_1548655176573@hf176573.com
2019-01-28 12:51:44 INFO  Log:12 - Password : Qwerty
2019-01-28 12:51:45 INFO  Log:12 - Click on : Women
2019-01-28 12:51:47 INFO  Log:12 - Click on : 
2019-01-28 12:51:48 INFO  Log:12 - Click on : Add to cart
2019-01-28 12:51:50 INFO  Log:12 - Click on : Proceed to checkout
2019-01-28 12:51:51 INFO  Log:12 - Click on : Proceed to checkout
2019-01-28 12:51:52 INFO  Log:12 - Click on : Proceed to checkout
2019-01-28 12:51:54 INFO  Log:12 - Click on : 
2019-01-28 12:51:54 INFO  Log:12 - Click on : Proceed to checkout
2019-01-28 12:51:55 INFO  Log:12 - Click on : Pay by bank wire (order processing will be longer)
2019-01-28 12:51:57 INFO  Log:12 - Click on : I confirm my order
2019-01-28 12:53:35 INFO  Log:12 - Click on : Sign in
2019-01-28 12:53:37 INFO  Log:12 - Enter Text : hf_challenge_1548701617156@hf617156.com
2019-01-28 12:53:37 INFO  Log:12 - Click on : Create an account
2019-01-28 12:53:39 INFO  Log:12 - Enter Text : AkMUDvFemTHJ
2019-01-28 12:53:39 INFO  Log:12 - Enter Text : ZatXwlsmLgoy
2019-01-28 12:53:39 INFO  Log:12 - Enter Text : Qwerty
2019-01-28 12:53:39 INFO  Log:12 - Enter Text : Company
2019-01-28 12:53:40 INFO  Log:12 - Enter Text : Qwerty, 123 
2019-01-28 12:53:40 INFO  Log:12 - Enter Text : zxcvb
2019-01-28 12:53:40 INFO  Log:12 - Enter Text : Qwerty
2019-01-28 12:53:40 INFO  Log:12 - Enter Text : 12345
2019-01-28 12:53:40 INFO  Log:12 - Enter Text : Qwerty
2019-01-28 12:53:40 INFO  Log:12 - Enter Text : 12345123123
2019-01-28 12:53:41 INFO  Log:12 - Enter Text : 12345123123
2019-01-28 12:53:41 INFO  Log:12 - Enter Text : hf
2019-01-28 12:53:41 INFO  Log:12 - Click on : Register
2019-01-28 12:53:42 INFO  Log:9 - Page Header: MY ACCOUNT
2019-01-28 12:53:43 INFO  Log:9 -  Logout Button is displayed
2019-01-28 12:54:05 INFO  Log:12 - Click on : Sign in
2019-01-28 12:54:07 INFO  Log:12 - Enter Email Address : hf_challenge_1548655176573@hf176573.com
2019-01-28 12:54:07 INFO  Log:12 - Password : Qwerty
2019-01-28 12:54:08 INFO  Log:12 - Page Header : MY ACCOUNT
2019-01-28 12:54:26 INFO  Log:12 - Click on : Sign in
2019-01-28 12:54:27 INFO  Log:12 - Enter Email Address : hf_challenge_1548655176573@hf176573.com
2019-01-28 12:54:27 INFO  Log:12 - Password : Qwerty
2019-01-28 12:54:28 INFO  Log:12 - Click on : Women
2019-01-28 12:54:30 INFO  Log:12 - Click on : 
2019-01-28 12:54:31 INFO  Log:12 - Click on : Add to cart
2019-01-28 12:54:33 INFO  Log:12 - Click on : Proceed to checkout
2019-01-28 12:54:34 INFO  Log:12 - Click on : Proceed to checkout
2019-01-28 12:54:35 INFO  Log:12 - Click on : Proceed to checkout
2019-01-28 12:54:36 INFO  Log:12 - Click on : 
2019-01-28 12:54:36 INFO  Log:12 - Click on : Proceed to checkout
2019-01-28 12:54:37 INFO  Log:12 - Click on : Pay by bank wire (order processing will be longer)
2019-01-28 12:54:38 INFO  Log:12 - Click on : I confirm my order
2019-01-28 13:10:57 INFO  Log:12 - Click on : Sign in
2019-01-28 13:10:57 INFO  Log:12 - Click on : Sign in
2019-01-28 13:10:57 INFO  Log:12 - Click on : Sign in
2019-01-28 13:11:00 INFO  Log:12 - Enter Email Address : hf_challenge_1548655176573@hf176573.com
2019-01-28 13:11:00 INFO  Log:12 - Enter Email Address : hf_challenge_1548655176573@hf176573.com
2019-01-28 13:11:00 INFO  Log:12 - Enter Text : hf_challenge_1548702660652@hf660652.com
2019-01-28 13:11:01 INFO  Log:12 - Password : Qwerty
2019-01-28 13:11:01 INFO  Log:12 - Click on : Create an account
2019-01-28 13:11:01 INFO  Log:12 - Password : Qwerty
2019-01-28 13:11:03 INFO  Log:12 - Click on : Women
2019-01-28 13:11:04 INFO  Log:12 - Enter Text : AkbTNEAsefIx
2019-01-28 13:11:04 INFO  Log:12 - Enter Text : ZaicqAnWoeTd
2019-01-28 13:11:04 INFO  Log:12 - Page Header : MY ACCOUNT
2019-01-28 13:11:05 INFO  Log:12 - Enter Text : Qwerty
2019-01-28 13:11:05 INFO  Log:12 - Enter Text : Company
2019-01-28 13:11:05 INFO  Log:12 - Enter Text : Qwerty, 123 
2019-01-28 13:11:05 INFO  Log:12 - Enter Text : zxcvb
2019-01-28 13:11:06 INFO  Log:12 - Enter Text : Qwerty
2019-01-28 13:11:06 INFO  Log:12 - Enter Text : 12345
2019-01-28 13:11:06 INFO  Log:12 - Enter Text : Qwerty
2019-01-28 13:11:06 INFO  Log:12 - Enter Text : 12345123123
2019-01-28 13:11:06 INFO  Log:12 - Enter Text : 12345123123
2019-01-28 13:11:07 INFO  Log:12 - Enter Text : hf
2019-01-28 13:11:07 INFO  Log:12 - Click on : Register
2019-01-28 13:11:07 INFO  Log:12 - Click on : 
2019-01-28 13:11:10 INFO  Log:9 - Page Header: MY ACCOUNT
2019-01-28 13:11:10 INFO  Log:9 -  Logout Button is displayed
2019-01-28 13:11:10 INFO  Log:12 - Click on : Add to cart
2019-01-28 13:11:13 INFO  Log:12 - Click on : Proceed to checkout
2019-01-28 13:11:15 INFO  Log:12 - Click on : Proceed to checkout
2019-01-28 13:11:17 INFO  Log:12 - Click on : Proceed to checkout
2019-01-28 13:11:18 INFO  Log:12 - Click on : 
2019-01-28 13:11:18 INFO  Log:12 - Click on : Proceed to checkout
2019-01-28 13:11:20 INFO  Log:12 - Click on : Pay by bank wire (order processing will be longer)
2019-01-28 13:11:21 INFO  Log:12 - Click on : I confirm my order
